<?xml version="1.0" encoding="UTF-8"?>
<!-- Generated by org.testng.reporters.JUnitXMLReporter -->
<testsuite hostname="DGT-SYS-013" ignored="0" name="Default test(failed)" tests="3" failures="3" timestamp="12 Oct 2018 07:19:14 GMT" time="23.374" errors="0">
  <testcase name="patient_info" time="1.17" classname="com.yosi.testscript.Patient_Info_TC">
    <failure type="java.lang.NullPointerException">
      <![CDATA[java.lang.NullPointerExceptionat com.yosi.util.ZipCodeValidator.validate(ZipCodeValidator.java:19)at com.yosi.testscript.Patient_Info_TC.patient_info(Patient_Info_TC.java:80)... Removed 25 stack frames]]>
    </failure>
  </testcase> <!-- patient_info -->
  <testcase name="patient_info" time="0.702" classname="com.yosi.testscript.Patient_Info_TC">
    <failure type="java.lang.NullPointerException">
      <![CDATA[java.lang.NullPointerExceptionat com.yosi.util.ZipCodeValidator.validate(ZipCodeValidator.java:19)at com.yosi.testscript.Patient_Info_TC.patient_info(Patient_Info_TC.java:80)... Removed 25 stack frames]]>
    </failure>
  </testcase> <!-- patient_info -->
  <testcase name="patient_info" time="0.686" classname="com.yosi.testscript.Patient_Info_TC">
    <failure type="java.lang.NullPointerException">
      <![CDATA[java.lang.NullPointerExceptionat com.yosi.util.ZipCodeValidator.validate(ZipCodeValidator.java:19)at com.yosi.testscript.Patient_Info_TC.patient_info(Patient_Info_TC.java:80)... Removed 25 stack frames]]>
    </failure>
  </testcase> <!-- patient_info -->
</testsuite> <!-- Default test(failed) -->
