<?xml version="1.0" encoding="UTF-8"?>
<!-- Generated by org.testng.reporters.JUnitXMLReporter -->
<testsuite hostname="DGT-SYS-013" ignored="0" name="FirefoxTest" tests="10" failures="0" timestamp="21 Sep 2018 07:29:20 GMT" time="0.074" errors="0">
  <testcase name="@BeforeClass beforeClass" time="0.013" classname="com.yosi.testcases.Collaborative2TC">
    <failure type="java.lang.NullPointerException">
      <![CDATA[java.lang.NullPointerExceptionat com.yosi.testcases.Collaborative2TC.beforeClass(Collaborative2TC.java:66)... Removed 26 stack frames]]>
    </failure>
  </testcase> <!-- @BeforeClass beforeClass -->
  <testcase name="@AfterClass afterClass" time="0.0" classname="com.yosi.testcases.Collaborative2TC">
    <skipped/>
  </testcase> <!-- @AfterClass afterClass -->
  <testcase name="start_paperwork" time="0.0" classname="com.yosi.testcases.Collaborative2TC">
    <skipped/>
  </testcase> <!-- start_paperwork -->
  <testcase name="select_doctor" time="0.0" classname="com.yosi.testcases.Collaborative2TC">
    <skipped/>
  </testcase> <!-- select_doctor -->
  <testcase name="verify_page" time="0.0" classname="com.yosi.testcases.Collaborative2TC">
    <skipped/>
  </testcase> <!-- verify_page -->
  <testcase name="patient_info" time="0.0" classname="com.yosi.testcases.Collaborative2TC">
    <skipped/>
  </testcase> <!-- patient_info -->
  <testcase name="patient_guarantor" time="0.0" classname="com.yosi.testcases.Collaborative2TC">
    <skipped/>
  </testcase> <!-- patient_guarantor -->
  <testcase name="insurance_info" time="0.0" classname="com.yosi.testcases.Collaborative2TC">
    <skipped/>
  </testcase> <!-- insurance_info -->
  <testcase name="patient_lifestyle" time="0.0" classname="com.yosi.testcases.Collaborative2TC">
    <skipped/>
  </testcase> <!-- patient_lifestyle -->
  <testcase name="patient_past_medical" time="0.0" classname="com.yosi.testcases.Collaborative2TC">
    <skipped/>
  </testcase> <!-- patient_past_medical -->
  <testcase name="patient_rx_info" time="0.0" classname="com.yosi.testcases.Collaborative2TC">
    <skipped/>
  </testcase> <!-- patient_rx_info -->
  <testcase name="aadition_page" time="0.0" classname="com.yosi.testcases.Collaborative2TC">
    <skipped/>
  </testcase> <!-- aadition_page -->
</testsuite> <!-- FirefoxTest -->
